<?xml version="1.0" encoding="UTF-8"?>
<!-- Generated by org.testng.reporters.JUnitReportReporter -->
<testsuite hostname="LTIN273503" failures="0" tests="6" name="Testcase.Alltestcase" time="84.817" errors="0" timestamp="2024-02-28T16:38:56 IST" skipped="0">
  <testcase classname="Testcase.Alltestcase" name="TC_001_verifyCurrenturl" time="0.633"/>
  <testcase classname="Testcase.Alltestcase" name="TC_002_getting_DoctorList" time="51.825"/>
  <testcase classname="Testcase.Alltestcase" name="TC_007_surgeries" time="6.173"/>
  <testcase classname="Testcase.Alltestcase" name="TC_008_passingInvalidEmail" time="8.027"/>
  <testcase classname="Testcase.Alltestcase" name="TC_009_passingInvalidPhoneNumber" time="4.408"/>
  <testcase classname="Testcase.Alltestcase" name="TC_010_printingThankyou" time="13.751"/>
</testsuite> <!-- Testcase.Alltestcase -->
