<?xml version="1.0" encoding="UTF-8"?>
<!-- Generated by org.testng.reporters.JUnitReportReporter -->
<testsuite hostname="LTIN273503" failures="0" tests="6" name="Testcase.Alltestcase" time="121.998" errors="0" timestamp="2024-02-29T14:36:28 IST" skipped="0">
  <testcase classname="Testcase.Alltestcase" name="TC_001_verifyCurrenturl" time="0.832"/>
  <testcase classname="Testcase.Alltestcase" name="TC_002_getting_DoctorList" time="69.380"/>
  <testcase classname="Testcase.Alltestcase" name="TC_007_surgeries" time="9.415"/>
  <testcase classname="Testcase.Alltestcase" name="TC_008_passingInvalidEmail" time="12.959"/>
  <testcase classname="Testcase.Alltestcase" name="TC_009_passingInvalidPhoneNumber" time="8.337"/>
  <testcase classname="Testcase.Alltestcase" name="TC_010_printingThankyou" time="21.075"/>
</testsuite> <!-- Testcase.Alltestcase -->
